Arguments: 
  C:\Program Files\nodejs\node.exe C:\Program Files (x86)\Yarn\bin\yarn.js run dev

PATH: 
  C:\Windows\system32;C:\Windows;C:\Windows\System32\Wbem;C:\Windows\System32\WindowsPowerShell\v1.0\;C:\Windows\System32\OpenSSH\;C:\Program Files\nodejs\;C:\ProgramData\chocolatey\bin;C:\Program Files\Git\cmd;C:\Program Files (x86)\Yarn\bin\;C:\Users\zzy86\.windows-build-tools\python27\;C:\Users\zzy86\AppData\Local\Microsoft\WindowsApps;;D:\Microsoft VS Code\bin;C:\Users\zzy86\AppData\Roaming\npm;C:\Users\zzy86\AppData\Local\Yarn\bin

Yarn version: 
  1.22.4

Node version: 
  14.4.0

Platform: 
  win32 x64

Trace: 
  SyntaxError: H:\mySpa\package.json: Unexpected token } in JSON at position 178
      at JSON.parse (<anonymous>)
      at C:\Program Files (x86)\Yarn\lib\cli.js:1625:59
      at Generator.next (<anonymous>)
      at step (C:\Program Files (x86)\Yarn\lib\cli.js:310:30)
      at C:\Program Files (x86)\Yarn\lib\cli.js:321:13

npm manifest: 
  {
    "name": "mySpa",
    "version": "1.0.0",
    "main": "index.js",
    "license": "MIT",
    "scripts": {
      "dev": "rollup -c -w"
    },
    "dependencies": {
      "rollup": "^2.26.0",
    }
  }

yarn manifest: 
  No manifest

Lockfile: 
  # THIS IS AN AUTOGENERATED FILE. DO NOT EDIT THIS FILE DIRECTLY.
  # yarn lockfile v1
  
  
  fsevents@~2.1.2:
    version "2.1.3"
    resolved "https://registry.yarnpkg.com/fsevents/-/fsevents-2.1.3.tgz#fb738703ae8d2f9fe900c33836ddebee8b97f23e"
    integrity sha512-Auw9a4AxqWpa9GUfj370BMPzzyncfBABW8Mab7BGWBYDj4Isgq+cDKtx0i6u9jcX9pQDnswsaaOTgTmA5pEjuQ==
  
  mime@>=2.0.3:
    version "2.4.6"
    resolved "https://registry.yarnpkg.com/mime/-/mime-2.4.6.tgz#e5b407c90db442f2beb5b162373d07b69affa4d1"
    integrity sha512-RZKhC3EmpBchfTGBVb8fb+RL2cWyw/32lshnsETttkBAyAUXSGHxbEJWWRXc751DrIxG1q04b8QwMbAwkRPpUA==
  
  opener@1:
    version "1.5.1"
    resolved "https://registry.yarnpkg.com/opener/-/opener-1.5.1.tgz#6d2f0e77f1a0af0032aca716c2c1fbb8e7e8abed"
    integrity sha512-goYSy5c2UXE4Ra1xixabeVh1guIX/ZV/YokJksb6q2lubWu6UbvPQ20p542/sFIll1nl8JnCyK9oBaOcCWXwvA==
  
  rollup-plugin-serve@^1.0.3:
    version "1.0.3"
    resolved "https://registry.yarnpkg.com/rollup-plugin-serve/-/rollup-plugin-serve-1.0.3.tgz#409a52303efcd78911834a37db5835b76a2f8e61"
    integrity sha512-DziGAVsXQVzQuT1v4vcv2l0GURnGYsX8m/FV1XzZ18VG3PWSedLaOSQFiW6RLHF7jB/F+CxlwK4YCUVZs8vxbg==
    dependencies:
      mime ">=2.0.3"
      opener "1"
  
  rollup@^2.26.0:
    version "2.26.0"
    resolved "https://registry.yarnpkg.com/rollup/-/rollup-2.26.0.tgz#736ffa773fe0cefdfd0b9669abdce444d6a68f07"
    integrity sha512-1kwpBuxQERz+ymjPLepaXqf3NMRDwSumuEfW/fsTtflmyyhI6ev7nLy5Vdadvn01zd0WWAojRuvA2+0coPGCGQ==
    optionalDependencies:
      fsevents "~2.1.2"
